#
# A fatal error has been detected by the Java Runtime Environment:
#
#  Internal Error (javaClasses.cpp:126), pid=9648, tid=7480
#  fatal error: Invalid layout of preloaded class
#
# JRE version:  (8.0_31-b13) (build )
# Java VM: Java HotSpot(TM) 64-Bit Server VM (25.31-b07 mixed mode windows-amd64 compressed oops)
# Failed to write core dump. Minidumps are not enabled by default on client versions of Windows
#
# If you would like to submit a bug report, please visit:
#   http://bugreport.java.com/bugreport/crash.jsp
#

---------------  T H R E A D  ---------------

Current thread (0x0000000001f70800):  JavaThread "Unknown thread" [_thread_in_vm, id=7480, stack(0x0000000001df0000,0x0000000001ef0000)]

Stack: [0x0000000001df0000,0x0000000001ef0000]
Native frames: (J=compiled Java code, j=interpreted, Vv=VM code, C=native code)
V  [jvm.dll+0x3169ba]
V  [jvm.dll+0x2674c3]
V  [jvm.dll+0x268103]
V  [jvm.dll+0x25f876]
V  [jvm.dll+0x5e443]
V  [jvm.dll+0x5e533]
V  [jvm.dll+0x72e9a]
V  [jvm.dll+0x73208]
V  [jvm.dll+0xe4997]
V  [jvm.dll+0xe4d26]
V  [jvm.dll+0x1fa057]
V  [jvm.dll+0x22b694]
V  [jvm.dll+0x14d8c1]
C  [javaw.exe+0x20c6]
C  [javaw.exe+0xc9eb]
C  [javaw.exe+0xca7f]
C  [KERNEL32.DLL+0x16ad]
C  [ntdll.dll+0x6e954]


---------------  P R O C E S S  ---------------

Java Threads: ( => current thread )

Other Threads:

=>0x0000000001f70800 (exited) JavaThread "Unknown thread" [_thread_in_vm, id=7480, stack(0x0000000001df0000,0x0000000001ef0000)]

VM state:not at safepoint (not fully initialized)

VM Mutex/Monitor currently owned by a thread: None

GC Heap History (0 events):
No events

Deoptimization events (0 events):
No events

Internal exceptions (0 events):
No events

Events (10 events):
Event: 0.011 loading class java/lang/CharSequence done
Event: 0.011 loading class java/lang/String done
Event: 0.011 loading class java/lang/Class
Event: 0.011 loading class java/lang/reflect/AnnotatedElement
Event: 0.011 loading class java/lang/reflect/AnnotatedElement done
Event: 0.011 loading class java/lang/reflect/GenericDeclaration
Event: 0.011 loading class java/lang/reflect/GenericDeclaration done
Event: 0.011 loading class java/lang/reflect/Type
Event: 0.011 loading class java/lang/reflect/Type done
Event: 0.011 loading class java/lang/Class done


Dynamic libraries:
0x00007ff66dc30000 - 0x00007ff66dc64000 	C:\Program Files\Java\jre1.8.0_31\bin\javaw.exe
0x00007ff9d9de0000 - 0x00007ff9d9f8c000 	C:\Windows\SYSTEM32\ntdll.dll
0x00007ff9d9360000 - 0x00007ff9d949a000 	C:\Windows\system32\KERNEL32.DLL
0x00007ff9d7140000 - 0x00007ff9d724f000 	C:\Windows\system32\KERNELBASE.dll
0x00007ff9d5b70000 - 0x00007ff9d5bf8000 	C:\Windows\system32\apphelp.dll
0x00007ff9c10a0000 - 0x00007ff9c10ef000 	C:\Windows\AppPatch\AppPatch64\AcGenral.DLL
0x00007ff9d9a40000 - 0x00007ff9d9ae7000 	C:\Windows\system32\msvcrt.dll
0x00007ff9d6e00000 - 0x00007ff9d6e2b000 	C:\Windows\SYSTEM32\SspiCli.dll
0x00007ff9d8c80000 - 0x00007ff9d8cd1000 	C:\Windows\system32\SHLWAPI.dll
0x00007ff9d9730000 - 0x00007ff9d98a1000 	C:\Windows\system32\USER32.dll
0x00007ff9d98b0000 - 0x00007ff9d9a28000 	C:\Windows\system32\ole32.dll
0x00007ff9d7530000 - 0x00007ff9d8a48000 	C:\Windows\system32\SHELL32.dll
0x00007ff9d69c0000 - 0x00007ff9d69de000 	C:\Windows\SYSTEM32\USERENV.dll
0x00007ff9d8cf0000 - 0x00007ff9d8d95000 	C:\Windows\system32\ADVAPI32.dll
0x00007ff9cc1d0000 - 0x00007ff9cc1eb000 	C:\Windows\SYSTEM32\MPR.dll
0x00007ff9d94a0000 - 0x00007ff9d95d7000 	C:\Windows\system32\RPCRT4.dll
0x00007ff9d8a90000 - 0x00007ff9d8ae7000 	C:\Windows\SYSTEM32\sechost.dll
0x00007ff9d8f40000 - 0x00007ff9d9116000 	C:\Windows\SYSTEM32\combase.dll
0x00007ff9d95e0000 - 0x00007ff9d9724000 	C:\Windows\system32\GDI32.dll
0x00007ff9d7020000 - 0x00007ff9d7034000 	C:\Windows\SYSTEM32\profapi.dll
0x00007ff9d5c00000 - 0x00007ff9d5c9f000 	C:\Windows\SYSTEM32\SHCORE.dll
0x00007ff9d8a50000 - 0x00007ff9d8a84000 	C:\Windows\system32\IMM32.DLL
0x00007ff9d9120000 - 0x00007ff9d9271000 	C:\Windows\system32\MSCTF.dll
0x00007ff9d4ea0000 - 0x00007ff9d50fa000 	C:\Windows\WinSxS\amd64_microsoft.windows.common-controls_6595b64144ccf1df_6.0.9600.17031_none_6242a4b3ecbb55a1\COMCTL32.dll
0x00000000595b0000 - 0x0000000059682000 	C:\Program Files\Java\jre1.8.0_31\bin\msvcr100.dll
0x0000000058a10000 - 0x000000005926a000 	C:\Program Files\Java\jre1.8.0_31\bin\server\jvm.dll
0x00007ff9cf0b0000 - 0x00007ff9cf0b9000 	C:\Windows\SYSTEM32\WSOCK32.dll
0x00007ff9d4de0000 - 0x00007ff9d4dff000 	C:\Windows\SYSTEM32\WINMM.dll
0x00007ff9d9350000 - 0x00007ff9d9357000 	C:\Windows\system32\PSAPI.DLL
0x00007ff9d9ba0000 - 0x00007ff9d9bf8000 	C:\Windows\system32\WS2_32.dll
0x00007ff9d4da0000 - 0x00007ff9d4dca000 	C:\Windows\SYSTEM32\WINMMBASE.dll
0x00007ff9d9a30000 - 0x00007ff9d9a39000 	C:\Windows\system32\NSI.dll
0x00007ff9d70f0000 - 0x00007ff9d713a000 	C:\Windows\SYSTEM32\cfgmgr32.dll
0x00007ff9d5e90000 - 0x00007ff9d5eb6000 	C:\Windows\SYSTEM32\DEVOBJ.dll
0x0000000059990000 - 0x000000005999f000 	C:\Program Files\Java\jre1.8.0_31\bin\verify.dll
0x0000000059960000 - 0x0000000059988000 	C:\Program Files\Java\jre1.8.0_31\bin\java.dll
0x0000000059940000 - 0x0000000059956000 	C:\Program Files\Java\jre1.8.0_31\bin\zip.dll
0x00007ff9d3830000 - 0x00007ff9d39b8000 	C:\Windows\SYSTEM32\dbghelp.dll

VM Arguments:
jvm_args: -Dfile.encoding=Cp1252 -Xbootclasspath:C:\Users\Luigi\Desktop\eclipse_adt\adt-bundle-windows-x86_64-20140702\sdk\platforms\android-8\android.jar 
java_command: uni.flickrapp.Tester
java_class_path (initial): C:\Users\Luigi\Desktop\FlickrappNeu\libs\android-support-v4.jar;C:\Users\Luigi\Desktop\eclipse_adt\adt-bundle-windows-x86_64-20140702\sdk\tools\support\annotations.jar;C:\Users\Luigi\Desktop\FlickrappNeu\bin\classes
Launcher Type: SUN_STANDARD

Environment Variables:
PATH=C:/Program Files/Java/jre1.8.0_31/bin/server;C:/Program Files/Java/jre1.8.0_31/bin;C:/Program Files/Java/jre1.8.0_31/lib/amd64;C:\Program Files (x86)\NVIDIA Corporation\PhysX\Common;C:\ProgramData\Oracle\Java\javapath;C:\Program Files (x86)\Intel\iCLS Client\;C:\Program Files\Intel\iCLS Client\;C:\Windows\system32;C:\Windows;C:\Windows\System32\Wbem;C:\Windows\System32\WindowsPowerShell\v1.0\;C:\Program Files\Intel\Intel(R) Management Engine Components\DAL;C:\Program Files (x86)\Intel\Intel(R) Management Engine Components\DAL;C:\Program Files\Intel\Intel(R) Management Engine Components\IPT;C:\Program Files (x86)\Intel\Intel(R) Management Engine Components\IPT;C:\Users\Luigi\Desktop\eclipse_adt\adt-bundle-windows-x86_64-20140702\eclipse;
USERNAME=Luigi
OS=Windows_NT
PROCESSOR_IDENTIFIER=Intel64 Family 6 Model 69 Stepping 1, GenuineIntel



---------------  S Y S T E M  ---------------

OS: Windows 8.1 , 64 bit Build 9600 

CPU:total 4 (2 cores per cpu, 2 threads per core) family 6 model 69 stepping 1, cmov, cx8, fxsr, mmx, sse, sse2, sse3, ssse3, sse4.1, sse4.2, popcnt, avx, avx2, aes, clmul, erms, lzcnt, ht, tsc, tscinvbit, bmi1, bmi2

Memory: 4k page, physical 8314220k(3125192k free), swap 9624940k(1822048k free)

vm_info: Java HotSpot(TM) 64-Bit Server VM (25.31-b07) for windows-amd64 JRE (1.8.0_31-b13), built on Dec 17 2014 21:00:28 by "java_re" with MS VC++ 10.0 (VS2010)

time: Tue Mar 24 15:20:55 2015
elapsed time: 0 seconds (0d 0h 0m 0s)

